<?xml version="1.0" encoding="UTF-8"?>
<!-- Generated by org.testng.reporters.JUnitXMLReporter -->
<testsuite ignored="8" hostname="DESKTOP-KRO9T2E" failures="0" tests="1" name="Default test" time="16.962" errors="0" timestamp="2021-12-23T14:16:45 IST">
  <testcase classname="vitigerOrg01.demo05" name="CountofRings" time="16.841"/>
  <testcase classname="vitigerOrg01.demo05" name="Organization2" time="0.0">
    <ignored/>
  </testcase> <!-- Organization2 -->
  <testcase classname="vitigerOrg01.demo05" name="cricketscore" time="0.0">
    <ignored/>
  </testcase> <!-- cricketscore -->
  <testcase classname="vitigerOrg01.demo05" name="Orgname" time="0.0">
    <ignored/>
  </testcase> <!-- Orgname -->
  <testcase classname="vitigerOrg01.demo05" name="NoonAcademy" time="0.0">
    <ignored/>
  </testcase> <!-- NoonAcademy -->
  <testcase classname="vitigerOrg01.demo05" name="cricket" time="0.0">
    <ignored/>
  </testcase> <!-- cricket -->
  <testcase classname="vitigerOrg01.demo05" name="CountofDelivery" time="0.0">
    <ignored/>
  </testcase> <!-- CountofDelivery -->
  <testcase classname="vitigerOrg01.demo05" name="Organization" time="0.0">
    <ignored/>
  </testcase> <!-- Organization -->
  <testcase classname="vitigerOrg01.demo05" name="lenskart" time="0.0">
    <ignored/>
  </testcase> <!-- lenskart -->
</testsuite> <!-- Default test -->
