<?xml version="1.0" encoding="UTF-8"?>
<testng-results ignored="8" total="9" passed="1" failed="0" skipped="0">
  <reporter-output>
  </reporter-output>
  <suite started-at="2021-12-23T14:16:28 IST" name="Default suite" finished-at="2021-12-23T14:16:45 IST" duration-ms="16962">
    <groups>
    </groups>
    <test started-at="2021-12-23T14:16:28 IST" name="Default test" finished-at="2021-12-23T14:16:45 IST" duration-ms="16962">
      <class name="vitigerOrg01.demo05">
        <test-method signature="CountofRings()[pri:0, instance:vitigerOrg01.demo05@3232a28a]" started-at="2021-12-23T14:16:28 IST" name="CountofRings" finished-at="2021-12-23T14:16:45 IST" duration-ms="16841" status="PASS">
          <reporter-output>
          </reporter-output>
        </test-method> <!-- CountofRings -->
      </class> <!-- vitigerOrg01.demo05 -->
    </test> <!-- Default test -->
  </suite> <!-- Default suite -->
</testng-results>
